<Test value="2" value_2="Hello"></Test>
